Using pre-set license
Built from '2020.3/support/zd130524' branch; Version is '2020.3.36f1 (71f96b79b9f0) revision 7469419'; Using compiler version '192528614'; Build Type 'Release'
OS: 'Windows 10  (10.0.19045) 64bit ProfessionalN' Language: 'en' Physical Memory: 8072 MB
BatchMode: 1, IsHumanControllingUs: 0, StartBugReporterOnCrash: 0, Is64bit: 1, IsPro: 0

COMMAND LINE ARGUMENTS:
C:\Program Files\Unity\Hub\Editor\2020.3.36f1\Editor\Unity.exe
-adb2
-batchMode
-noUpm
-name
AssetImportWorker18
-projectPath
D:/GamesPracticeprojects/GoChinto!
-logFile
Logs/AssetImportWorker18.log
-srvPort
52173
Successfully changed project path to: D:/GamesPracticeprojects/GoChinto!
D:/GamesPracticeprojects/GoChinto!
Using Asset Import Pipeline V2.
Refreshing native plugins compatible for Editor in 385.11 ms, found 2 plugins.
Preloading 0 native plugins for Editor in 0.00 ms.
Initialize engine version: 2020.3.36f1 (71f96b79b9f0)
[Subsystems] Discovering subsystems at path C:/Program Files/Unity/Hub/Editor/2020.3.36f1/Editor/Data/Resources/UnitySubsystems
[Subsystems] Discovering subsystems at path D:/GamesPracticeprojects/GoChinto!/Assets
GfxDevice: creating device client; threaded=0
Direct3D:
    Version:  Direct3D 11.0 [level 11.0]
    Renderer: Intel(R) HD Graphics 3000 (ID=0x126)
    Vendor:   
    VRAM:     462 MB
    Driver:   10.18.13.5362
Initialize mono
Mono path[0] = 'C:/Program Files/Unity/Hub/Editor/2020.3.36f1/Editor/Data/Managed'
Mono path[1] = 'C:/Program Files/Unity/Hub/Editor/2020.3.36f1/Editor/Data/MonoBleedingEdge/lib/mono/unityjit'
Mono config path = 'C:/Program Files/Unity/Hub/Editor/2020.3.36f1/Editor/Data/MonoBleedingEdge/etc'
Using monoOptions --debugger-agent=transport=dt_socket,embedding=1,server=y,suspend=n,address=127.0.0.1:56284
Begin MonoManager ReloadAssembly
Registering precompiled unity dll's ...
Register platform support module: C:/Program Files/Unity/Hub/Editor/2020.3.36f1/Editor/Data/PlaybackEngines/WebGLSupport/UnityEditor.WebGL.Extensions.dll
Register platform support module: C:/Program Files/Unity/Hub/Editor/2020.3.36f1/Editor/Data/PlaybackEngines/WindowsStandaloneSupport/UnityEditor.WindowsStandalone.Extensions.dll
Registered in 0.020788 seconds.
Native extension for WindowsStandalone target not found
Native extension for WebGL target not found
Refreshing native plugins compatible for Editor in 364.33 ms, found 2 plugins.
Preloading 0 native plugins for Editor in 0.00 ms.
Mono: successfully reloaded assembly
- Completed reload, in  5.319 seconds
Domain Reload Profiling:
	ReloadAssembly (5320ms)
		BeginReloadAssembly (652ms)
			ExecutionOrderSort (0ms)
			DisableScriptedObjects (0ms)
			BackupInstance (0ms)
			ReleaseScriptingObjects (0ms)
			CreateAndSetChildDomain (9ms)
		EndReloadAssembly (3961ms)
			LoadAssemblies (628ms)
			RebuildTransferFunctionScriptingTraits (1ms)
			SetupTypeCache (1338ms)
			ReleaseScriptCaches (0ms)
			RebuildScriptCaches (273ms)
			SetupLoadedEditorAssemblies (1441ms)
				LogAssemblyErrors (0ms)
				InitializePlatformSupportModulesInManaged (43ms)
				SetLoadedEditorAssemblies (2ms)
				RefreshPlugins (365ms)
				BeforeProcessingInitializeOnLoad (66ms)
				ProcessInitializeOnLoadAttributes (724ms)
				ProcessInitializeOnLoadMethodAttributes (240ms)
				AfterProcessingInitializeOnLoad (0ms)
				EditorAssembliesLoaded (2ms)
			ExecutionOrderSort2 (0ms)
			AwakeInstancesAfterBackupRestoration (0ms)
Platform modules already initialized, skipping
Registering precompiled user dll's ...
Registered in 0.023353 seconds.
Begin MonoManager ReloadAssembly
Native extension for WindowsStandalone target not found
Native extension for WebGL target not found
Refreshing native plugins compatible for Editor in 387.77 ms, found 2 plugins.
Preloading 0 native plugins for Editor in 0.00 ms.
Mono: successfully reloaded assembly
- Completed reload, in 15.577 seconds
Domain Reload Profiling:
	ReloadAssembly (15612ms)
		BeginReloadAssembly (1593ms)
			ExecutionOrderSort (0ms)
			DisableScriptedObjects (50ms)
			BackupInstance (0ms)
			ReleaseScriptingObjects (0ms)
			CreateAndSetChildDomain (138ms)
		EndReloadAssembly (13454ms)
			LoadAssemblies (807ms)
			RebuildTransferFunctionScriptingTraits (0ms)
			SetupTypeCache (2418ms)
			ReleaseScriptCaches (2ms)
			RebuildScriptCaches (394ms)
			SetupLoadedEditorAssemblies (8837ms)
				LogAssemblyErrors (0ms)
				InitializePlatformSupportModulesInManaged (38ms)
				SetLoadedEditorAssemblies (2ms)
				RefreshPlugins (388ms)
				BeforeProcessingInitializeOnLoad (492ms)
				ProcessInitializeOnLoadAttributes (1585ms)
				ProcessInitializeOnLoadMethodAttributes (6271ms)
				AfterProcessingInitializeOnLoad (60ms)
				EditorAssembliesLoaded (2ms)
			ExecutionOrderSort2 (0ms)
			AwakeInstancesAfterBackupRestoration (16ms)
Platform modules already initialized, skipping
========================================================================
Worker process is ready to serve import requests
Launched and connected shader compiler UnityShaderCompiler.exe after 0.83 seconds
Refreshing native plugins compatible for Editor in 2.37 ms, found 2 plugins.
Preloading 0 native plugins for Editor in 0.00 ms.
Unloading 1582 Unused Serialized files (Serialized files now loaded: 0)
System memory in use before: 74.5 MB.
System memory in use after: 74.6 MB.

Unloading 18 unused Assets to reduce memory usage. Loaded Objects now: 2027.
Total: 17.768900 ms (FindLiveObjects: 0.631900 ms CreateObjectMapping: 0.364300 ms MarkObjects: 16.039400 ms  DeleteObjects: 0.727400 ms)

AssetImportParameters requested are different than current active one (requested -> active):
  custom:framework-win-MediaFoundation: 216162199b28c13a410421893ffa2e32 -> 
  custom:video-decoder-ogg-theora: a1e56fd34408186e4bbccfd4996cb3dc -> 
  custom:container-muxer-webm: aa71ff27fc2769a1b78a27578f13a17b -> 
  custom:container-demuxer-webm: 4f35f7cbe854078d1ac9338744f61a02 -> 
  custom:container-demuxer-ogg: 62fdf1f143b41e24485cea50d1cbac27 -> 
  custom:video-encoder-webm-vp8: eb34c28f22e8b96e1ab97ce403110664 -> 
  custom:video-decoder-webm-vp8: 9c59270c3fd7afecdb556c50c9e8de78 -> 
  custom:audio-decoder-ogg-vorbis: bf7c407c2cedff20999df2af8eb42d56 -> 
  custom:audio-encoder-webm-vorbis: bf7c407c2cedff20999df2af8eb42d56 -> 
========================================================================
Received Import Request.
  path: Assets/CasualGameSounds/DM-CGS-47.wav
  artifactKey: Guid(d46323e22e74e46baa241cbf48c85671) Importer(815301076,1909f56bfc062723c751e8b465ee728b)
Start importing Assets/CasualGameSounds/DM-CGS-47.wav using Guid(d46323e22e74e46baa241cbf48c85671) Importer(815301076,1909f56bfc062723c751e8b465ee728b)  -> (artifact id: 'a9ae7c15059ce22d9a3b4d0eedcbae65') in 1.075845 seconds 
========================================================================
Received Import Request.
  Time since last request: 0.001334 seconds.
  path: Assets/CasualGameSounds/DM-CGS-18.wav
  artifactKey: Guid(2667a0a008b044e218b63df62e2be749) Importer(815301076,1909f56bfc062723c751e8b465ee728b)
Start importing Assets/CasualGameSounds/DM-CGS-18.wav using Guid(2667a0a008b044e218b63df62e2be749) Importer(815301076,1909f56bfc062723c751e8b465ee728b)  -> (artifact id: '9a2da9a678245e0f09f90040fae2187d') in 0.104515 seconds 
========================================================================
Received Import Request.
  Time since last request: 0.001524 seconds.
  path: Assets/CasualGameSounds/DM-CGS-38.wav
  artifactKey: Guid(84e427d6b66ab4066b6a4dcd0ce819ee) Importer(815301076,1909f56bfc062723c751e8b465ee728b)
Start importing Assets/CasualGameSounds/DM-CGS-38.wav using Guid(84e427d6b66ab4066b6a4dcd0ce819ee) Importer(815301076,1909f56bfc062723c751e8b465ee728b)  -> (artifact id: '86bfdd9027e38b13e1b5706cbe3e1c34') in 0.120581 seconds 
========================================================================
Received Import Request.
  Time since last request: 0.001613 seconds.
  path: Assets/1.1 - FREE CASUAL PACK SFX/FIREWORKS
  artifactKey: Guid(1a2977bc3968b4f4e996cfc2df3e17fc) Importer(815301076,1909f56bfc062723c751e8b465ee728b)
Start importing Assets/1.1 - FREE CASUAL PACK SFX/FIREWORKS using Guid(1a2977bc3968b4f4e996cfc2df3e17fc) Importer(815301076,1909f56bfc062723c751e8b465ee728b)  -> (artifact id: 'd8a501f003f0fed8911519c099373a02') in 0.079846 seconds 
========================================================================
Received Import Request.
  Time since last request: 0.001301 seconds.
  path: Assets/CasualGameSounds/DM-CGS-16.wav
  artifactKey: Guid(724131bc8a7f34041bb9f1701f0cb58d) Importer(815301076,1909f56bfc062723c751e8b465ee728b)
Start importing Assets/CasualGameSounds/DM-CGS-16.wav using Guid(724131bc8a7f34041bb9f1701f0cb58d) Importer(815301076,1909f56bfc062723c751e8b465ee728b)  -> (artifact id: 'b26aacc41cd45fae0462b9f47ba82e81') in 0.142843 seconds 
========================================================================
Received Import Request.
  Time since last request: 0.001237 seconds.
  path: Assets/CasualGameSounds/1click.wav
  artifactKey: Guid(81652031b64c342cc8dbc59c138d77c5) Importer(815301076,1909f56bfc062723c751e8b465ee728b)
Start importing Assets/CasualGameSounds/1click.wav using Guid(81652031b64c342cc8dbc59c138d77c5) Importer(815301076,1909f56bfc062723c751e8b465ee728b)  -> (artifact id: 'dfb150da9ee934d03fb2dd5a168ca13e') in 0.154324 seconds 
========================================================================
Received Import Request.
  Time since last request: 0.001367 seconds.
  path: Assets/1.1 - FREE CASUAL PACK SFX/ESPECIAL COLLECT/SPECIAL COLECT 2.wav
  artifactKey: Guid(f9161582126b2034d8dbcbc0ad2a1dc4) Importer(815301076,1909f56bfc062723c751e8b465ee728b)
Start importing Assets/1.1 - FREE CASUAL PACK SFX/ESPECIAL COLLECT/SPECIAL COLECT 2.wav using Guid(f9161582126b2034d8dbcbc0ad2a1dc4) Importer(815301076,1909f56bfc062723c751e8b465ee728b)  -> (artifact id: '2d23f345828f080d269027618cf1ba38') in 0.146767 seconds 
========================================================================
Received Import Request.
  Time since last request: 0.001618 seconds.
  path: Assets/1.1 - FREE CASUAL PACK SFX/POPs AND JINGLES/POP 1.wav
  artifactKey: Guid(cee0ef05d1e443b438eebbc4ee35930c) Importer(815301076,1909f56bfc062723c751e8b465ee728b)
Start importing Assets/1.1 - FREE CASUAL PACK SFX/POPs AND JINGLES/POP 1.wav using Guid(cee0ef05d1e443b438eebbc4ee35930c) Importer(815301076,1909f56bfc062723c751e8b465ee728b)  -> (artifact id: '68d2d83ea08db7292e036489e25807e7') in 0.132161 seconds 
========================================================================
Received Import Request.
  Time since last request: 0.001325 seconds.
  path: Assets/CasualGameSounds/DM-CGS-30.wav
  artifactKey: Guid(130a177e727814a2ea78a886ab72213d) Importer(815301076,1909f56bfc062723c751e8b465ee728b)
Start importing Assets/CasualGameSounds/DM-CGS-30.wav using Guid(130a177e727814a2ea78a886ab72213d) Importer(815301076,1909f56bfc062723c751e8b465ee728b)  -> (artifact id: '6c79f5cf243833774c1b14fc9249bfa4') in 0.147730 seconds 
========================================================================
Received Import Request.
  Time since last request: 0.001339 seconds.
  path: Assets/1.1 - FREE CASUAL PACK SFX/ESPECIAL COLLECT
  artifactKey: Guid(0d8053c94ca017149a13acf43f5d333c) Importer(815301076,1909f56bfc062723c751e8b465ee728b)
Start importing Assets/1.1 - FREE CASUAL PACK SFX/ESPECIAL COLLECT using Guid(0d8053c94ca017149a13acf43f5d333c) Importer(815301076,1909f56bfc062723c751e8b465ee728b)  -> (artifact id: '98a14ad45adaa51232bd6ddf4f0dd9e9') in 0.072098 seconds 
========================================================================
Received Import Request.
  Time since last request: 0.002516 seconds.
  path: Assets/CasualGameSounds/DM-CGS-24.wav
  artifactKey: Guid(657578e4be6b64dbf9b09deada272e55) Importer(815301076,1909f56bfc062723c751e8b465ee728b)
Start importing Assets/CasualGameSounds/DM-CGS-24.wav using Guid(657578e4be6b64dbf9b09deada272e55) Importer(815301076,1909f56bfc062723c751e8b465ee728b)  -> (artifact id: 'e84fa9287297c7d13547d58feea52bab') in 0.128363 seconds 
========================================================================
Received Import Request.
  Time since last request: 0.001767 seconds.
  path: Assets/1.1 - FREE CASUAL PACK SFX/OTHERS/ROULETTE WHEEL.wav
  artifactKey: Guid(262fddb214621db43bb76fbc3988ba23) Importer(815301076,1909f56bfc062723c751e8b465ee728b)
Start importing Assets/1.1 - FREE CASUAL PACK SFX/OTHERS/ROULETTE WHEEL.wav using Guid(262fddb214621db43bb76fbc3988ba23) Importer(815301076,1909f56bfc062723c751e8b465ee728b)  -> (artifact id: 'c4de4edbf9aee11d1d4ae864bd823c57') in 0.195074 seconds 
========================================================================
Received Import Request.
  Time since last request: 0.001479 seconds.
  path: Assets/CasualGameSounds/DM-CGS-25.wav
  artifactKey: Guid(5fdb13d3756c84fecac96f5a2d124370) Importer(815301076,1909f56bfc062723c751e8b465ee728b)
Start importing Assets/CasualGameSounds/DM-CGS-25.wav using Guid(5fdb13d3756c84fecac96f5a2d124370) Importer(815301076,1909f56bfc062723c751e8b465ee728b)  -> (artifact id: '9946e50bdf1a6661b5ca8cf0e15d6f3d') in 0.077885 seconds 
========================================================================
Received Import Request.
  Time since last request: 0.001349 seconds.
  path: Assets/CasualGameSounds/DM-CGS-10.wav
  artifactKey: Guid(cabfae866cab347928b74b7d0ca6bfa9) Importer(815301076,1909f56bfc062723c751e8b465ee728b)
Start importing Assets/CasualGameSounds/DM-CGS-10.wav using Guid(cabfae866cab347928b74b7d0ca6bfa9) Importer(815301076,1909f56bfc062723c751e8b465ee728b)  -> (artifact id: '80fb78d9e326eb7894a394c1dc8f4c9b') in 0.133253 seconds 
========================================================================
Received Import Request.
  Time since last request: 0.001513 seconds.
  path: Assets/CasualGameSounds/DM-CGS-17.wav
  artifactKey: Guid(b9eff218e132a4e76be78840eca96fb2) Importer(815301076,1909f56bfc062723c751e8b465ee728b)
Start importing Assets/CasualGameSounds/DM-CGS-17.wav using Guid(b9eff218e132a4e76be78840eca96fb2) Importer(815301076,1909f56bfc062723c751e8b465ee728b)  -> (artifact id: 'beb47df4dc8f1ad7a85b6d97298606d5') in 0.149539 seconds 
========================================================================
Received Import Request.
  Time since last request: 0.001292 seconds.
  path: Assets/1.1 - FREE CASUAL PACK SFX/10 - BONUS/Casual loop 1.wav
  artifactKey: Guid(cbd5ee476a488444aaeb06b7e1fb04e0) Importer(815301076,1909f56bfc062723c751e8b465ee728b)
Start importing Assets/1.1 - FREE CASUAL PACK SFX/10 - BONUS/Casual loop 1.wav using Guid(cbd5ee476a488444aaeb06b7e1fb04e0) Importer(815301076,1909f56bfc062723c751e8b465ee728b)  -> (artifact id: 'e651fdb2d0be46e7948f11c1ee6e604d') in 0.108806 seconds 
========================================================================
Received Import Request.
  Time since last request: 0.001256 seconds.
  path: Assets/CasualGameSounds/DM-CGS-15.wav
  artifactKey: Guid(0c008ee3ee72a4362a35be25fa5de043) Importer(815301076,1909f56bfc062723c751e8b465ee728b)
Start importing Assets/CasualGameSounds/DM-CGS-15.wav using Guid(0c008ee3ee72a4362a35be25fa5de043) Importer(815301076,1909f56bfc062723c751e8b465ee728b)  -> (artifact id: 'e6cabf0e03771c30a63a7b7f5dc0e671') in 0.136277 seconds 
========================================================================
Received Import Request.
  Time since last request: 0.001509 seconds.
  path: Assets/1.1 - FREE CASUAL PACK SFX/CAMERA CLICKS/CAMERA CLICK 1.wav
  artifactKey: Guid(36a97d152a07e9f489c73b24e2870cf0) Importer(815301076,1909f56bfc062723c751e8b465ee728b)
Start importing Assets/1.1 - FREE CASUAL PACK SFX/CAMERA CLICKS/CAMERA CLICK 1.wav using Guid(36a97d152a07e9f489c73b24e2870cf0) Importer(815301076,1909f56bfc062723c751e8b465ee728b)  -> (artifact id: '3257c6af1cd66ad3fbc4190030a94b3e') in 0.129230 seconds 
========================================================================
Received Import Request.
  Time since last request: 0.001920 seconds.
  path: Assets/CasualGameSounds/DM-CGS-07.wav
  artifactKey: Guid(2c5292ba5cf254919a6b9e2b18e04f49) Importer(815301076,1909f56bfc062723c751e8b465ee728b)
Start importing Assets/CasualGameSounds/DM-CGS-07.wav using Guid(2c5292ba5cf254919a6b9e2b18e04f49) Importer(815301076,1909f56bfc062723c751e8b465ee728b)  -> (artifact id: '443ab5e6c2f7ec399ffa0bda57af9e69') in 0.119490 seconds 
========================================================================
Received Import Request.
  Time since last request: 0.001406 seconds.
  path: Assets/CasualGameSounds/DM-CGS-23.wav
  artifactKey: Guid(a0ca8964c08d54c5dbebf245bdc474ca) Importer(815301076,1909f56bfc062723c751e8b465ee728b)
Start importing Assets/CasualGameSounds/DM-CGS-23.wav using Guid(a0ca8964c08d54c5dbebf245bdc474ca) Importer(815301076,1909f56bfc062723c751e8b465ee728b)  -> (artifact id: '673a8558eeaf5ca6714cf9d5979cdb15') in 0.119050 seconds 
========================================================================
Received Import Request.
  Time since last request: 0.001878 seconds.
  path: Assets/1.1 - FREE CASUAL PACK SFX/ESPECIAL COLLECT/SPECIAL COLECT 1.wav
  artifactKey: Guid(3a6cd568bbc5b4146b5763b9bf28ba85) Importer(815301076,1909f56bfc062723c751e8b465ee728b)
Start importing Assets/1.1 - FREE CASUAL PACK SFX/ESPECIAL COLLECT/SPECIAL COLECT 1.wav using Guid(3a6cd568bbc5b4146b5763b9bf28ba85) Importer(815301076,1909f56bfc062723c751e8b465ee728b)  -> (artifact id: 'eec4330c3870eab57617be18a7406f57') in 0.114079 seconds 
========================================================================
Received Import Request.
  Time since last request: 0.001876 seconds.
  path: Assets/CasualGameSounds/DM-CGS-48.wav
  artifactKey: Guid(7e26c9daf4c32483b9c2790e662d3f1b) Importer(815301076,1909f56bfc062723c751e8b465ee728b)
Start importing Assets/CasualGameSounds/DM-CGS-48.wav using Guid(7e26c9daf4c32483b9c2790e662d3f1b) Importer(815301076,1909f56bfc062723c751e8b465ee728b)  -> (artifact id: 'f4ad14b6446aa2c5b705c32134f22fc4') in 0.203905 seconds 
========================================================================
Received Import Request.
  Time since last request: 0.001718 seconds.
  path: Assets/1.1 - FREE CASUAL PACK SFX/POPs AND JINGLES/POP POSITIVE 2.wav
  artifactKey: Guid(e39e536843340354e9b6b52e8ece4411) Importer(815301076,1909f56bfc062723c751e8b465ee728b)
Start importing Assets/1.1 - FREE CASUAL PACK SFX/POPs AND JINGLES/POP POSITIVE 2.wav using Guid(e39e536843340354e9b6b52e8ece4411) Importer(815301076,1909f56bfc062723c751e8b465ee728b)  -> (artifact id: 'f1a5aaddc03a7e6110aff8ca05ac9cbe') in 0.130636 seconds 
========================================================================
Received Import Request.
  Time since last request: 0.001375 seconds.
  path: Assets/CasualGameSounds/DM-CGS-04.wav
  artifactKey: Guid(c5e2a73ad4706440f93bf05df0b465fe) Importer(815301076,1909f56bfc062723c751e8b465ee728b)
Start importing Assets/CasualGameSounds/DM-CGS-04.wav using Guid(c5e2a73ad4706440f93bf05df0b465fe) Importer(815301076,1909f56bfc062723c751e8b465ee728b)  -> (artifact id: 'c7b05d9265c5737142e02ed22487a466') in 0.131231 seconds 
========================================================================
Received Import Request.
  Time since last request: 0.001657 seconds.
  path: Assets/1.1 - FREE CASUAL PACK SFX/OTHERS/ROLL_TIMPANI.wav
  artifactKey: Guid(d50066f5844c54c4c9cfba7f12b14c1e) Importer(815301076,1909f56bfc062723c751e8b465ee728b)
Start importing Assets/1.1 - FREE CASUAL PACK SFX/OTHERS/ROLL_TIMPANI.wav using Guid(d50066f5844c54c4c9cfba7f12b14c1e) Importer(815301076,1909f56bfc062723c751e8b465ee728b)  -> (artifact id: '7a0f808470841e0d216dc2cf3c770959') in 0.143083 seconds 
========================================================================
Received Import Request.
  Time since last request: 0.001677 seconds.
  path: Assets/CasualGameSounds/DM-CGS-05.wav
  artifactKey: Guid(b99da9a57308d4ba1bee1cf1d9038376) Importer(815301076,1909f56bfc062723c751e8b465ee728b)
Start importing Assets/CasualGameSounds/DM-CGS-05.wav using Guid(b99da9a57308d4ba1bee1cf1d9038376) Importer(815301076,1909f56bfc062723c751e8b465ee728b)  -> (artifact id: 'a9d9737b53130ecee727dfdce2ac1cf7') in 0.142663 seconds 
========================================================================
Received Import Request.
  Time since last request: 0.001567 seconds.
  path: Assets/1.1 - FREE CASUAL PACK SFX/CARDS
  artifactKey: Guid(394f992e39409a246ad69e88caf01d6c) Importer(815301076,1909f56bfc062723c751e8b465ee728b)
Start importing Assets/1.1 - FREE CASUAL PACK SFX/CARDS using Guid(394f992e39409a246ad69e88caf01d6c) Importer(815301076,1909f56bfc062723c751e8b465ee728b)  -> (artifact id: 'd215ebd33a45657f07c406bb0934f39c') in 0.076076 seconds 
========================================================================
Received Import Request.
  Time since last request: 0.004025 seconds.
  path: Assets/1.1 - FREE CASUAL PACK SFX/FIREWORKS/FIREWORKS 2.wav
  artifactKey: Guid(362141a08f284ab41a740893a3ad15fb) Importer(815301076,1909f56bfc062723c751e8b465ee728b)
Start importing Assets/1.1 - FREE CASUAL PACK SFX/FIREWORKS/FIREWORKS 2.wav using Guid(362141a08f284ab41a740893a3ad15fb) Importer(815301076,1909f56bfc062723c751e8b465ee728b)  -> (artifact id: '8f36a24aede6477d64a5a0e4052d4977') in 0.215535 seconds 
========================================================================
Received Import Request.
  Time since last request: 0.001370 seconds.
  path: Assets/CasualGameSounds/1Gameover.wav
  artifactKey: Guid(7bef0064f8567430cac22499c6b93d4f) Importer(815301076,1909f56bfc062723c751e8b465ee728b)
Start importing Assets/CasualGameSounds/1Gameover.wav using Guid(7bef0064f8567430cac22499c6b93d4f) Importer(815301076,1909f56bfc062723c751e8b465ee728b)  -> (artifact id: 'c31d92baebd4a865bc417d6a555d4e05') in 0.093484 seconds 
========================================================================
Received Import Request.
  Time since last request: 0.000831 seconds.
  path: Assets/CasualGameSounds/DM-CGS-01.wav
  artifactKey: Guid(32d4b1811dda14a6cb9e059ee8ad17d2) Importer(815301076,1909f56bfc062723c751e8b465ee728b)
Start importing Assets/CasualGameSounds/DM-CGS-01.wav using Guid(32d4b1811dda14a6cb9e059ee8ad17d2) Importer(815301076,1909f56bfc062723c751e8b465ee728b)  -> (artifact id: '151259d106a28efff2c133a65d169a69') in 0.197614 seconds 
========================================================================
Received Import Request.
  Time since last request: 0.002018 seconds.
  path: Assets/CasualGameSounds/DM-CGS-31.wav
  artifactKey: Guid(cf6c0e7fbef9449c98a0cdb5ea0c4d9f) Importer(815301076,1909f56bfc062723c751e8b465ee728b)
Start importing Assets/CasualGameSounds/DM-CGS-31.wav using Guid(cf6c0e7fbef9449c98a0cdb5ea0c4d9f) Importer(815301076,1909f56bfc062723c751e8b465ee728b)  -> (artifact id: 'ca5e84f544f6eb4410e10fa6d5a3497d') in 0.197530 seconds 
========================================================================
Received Import Request.
  Time since last request: 0.002048 seconds.
  path: Assets/CasualGameSounds/DM-CGS-14.wav
  artifactKey: Guid(b6428d4edb06344ba829da4edd9967c1) Importer(815301076,1909f56bfc062723c751e8b465ee728b)
Start importing Assets/CasualGameSounds/DM-CGS-14.wav using Guid(b6428d4edb06344ba829da4edd9967c1) Importer(815301076,1909f56bfc062723c751e8b465ee728b)  -> (artifact id: '48d433efa1586aef1b6799906aadf6a7') in 0.207005 seconds 
========================================================================
Received Import Request.
  Time since last request: 0.001377 seconds.
  path: Assets/CasualGameSounds/DM-CGS-40.wav
  artifactKey: Guid(0994c12e202f342459a4212e7287f7e8) Importer(815301076,1909f56bfc062723c751e8b465ee728b)
Start importing Assets/CasualGameSounds/DM-CGS-40.wav using Guid(0994c12e202f342459a4212e7287f7e8) Importer(815301076,1909f56bfc062723c751e8b465ee728b)  -> (artifact id: '327539bb64b5c56030a0028776740f38') in 0.188329 seconds 
========================================================================
Received Import Request.
  Time since last request: 0.001383 seconds.
  path: Assets/1.1 - FREE CASUAL PACK SFX/CARDS/CARDS 2.wav
  artifactKey: Guid(4f3fe7a1f92f1e94db61865f48491057) Importer(815301076,1909f56bfc062723c751e8b465ee728b)
Start importing Assets/1.1 - FREE CASUAL PACK SFX/CARDS/CARDS 2.wav using Guid(4f3fe7a1f92f1e94db61865f48491057) Importer(815301076,1909f56bfc062723c751e8b465ee728b)  -> (artifact id: 'dec24b7a64bd9b8e5055e98573b7d789') in 0.136204 seconds 
========================================================================
Received Import Request.
  Time since last request: 0.000808 seconds.
  path: Assets/1.1 - FREE CASUAL PACK SFX/FIREWORKS/FIREWORKS 1.wav
  artifactKey: Guid(045114c4c20e5974fbbcd84011ff3a9e) Importer(815301076,1909f56bfc062723c751e8b465ee728b)
Start importing Assets/1.1 - FREE CASUAL PACK SFX/FIREWORKS/FIREWORKS 1.wav using Guid(045114c4c20e5974fbbcd84011ff3a9e) Importer(815301076,1909f56bfc062723c751e8b465ee728b)  -> (artifact id: '83e6424f411bd2ab0a674547c87aeeb4') in 0.286459 seconds 
========================================================================
Received Import Request.
  Time since last request: 0.001617 seconds.
  path: Assets/CasualGameSounds/DM-CGS-41.wav
  artifactKey: Guid(7e9ee6dc04a5d40d1a5dfc4beb9865e7) Importer(815301076,1909f56bfc062723c751e8b465ee728b)
Start importing Assets/CasualGameSounds/DM-CGS-41.wav using Guid(7e9ee6dc04a5d40d1a5dfc4beb9865e7) Importer(815301076,1909f56bfc062723c751e8b465ee728b)  -> (artifact id: '7b6043e6ae1f03b9236fb043226c7158') in 0.243923 seconds 
========================================================================
Received Import Request.
  Time since last request: 0.001405 seconds.
  path: Assets/1.1 - FREE CASUAL PACK SFX/CARDS/CARDS 1.wav
  artifactKey: Guid(4b5dbd3527221224caf2fde9d72cddb7) Importer(815301076,1909f56bfc062723c751e8b465ee728b)
Start importing Assets/1.1 - FREE CASUAL PACK SFX/CARDS/CARDS 1.wav using Guid(4b5dbd3527221224caf2fde9d72cddb7) Importer(815301076,1909f56bfc062723c751e8b465ee728b)  -> (artifact id: '10d90d505033094aabf74c6aa859951f') in 0.227512 seconds 
========================================================================
Received Import Request.
  Time since last request: 0.001744 seconds.
  path: Assets/CasualGameSounds/DM-CGS-03.wav
  artifactKey: Guid(19f89c6e740e7447f9e12a8310d3e973) Importer(815301076,1909f56bfc062723c751e8b465ee728b)
Start importing Assets/CasualGameSounds/DM-CGS-03.wav using Guid(19f89c6e740e7447f9e12a8310d3e973) Importer(815301076,1909f56bfc062723c751e8b465ee728b)  -> (artifact id: '988961ce22dfaa8bbf4b0854a318264e') in 0.118036 seconds 
========================================================================
Received Import Request.
  Time since last request: 0.003588 seconds.
  path: Assets/CasualGameSounds/DM-CGS-37.wav
  artifactKey: Guid(a931da70ee74947d5a047de583170ade) Importer(815301076,1909f56bfc062723c751e8b465ee728b)
Start importing Assets/CasualGameSounds/DM-CGS-37.wav using Guid(a931da70ee74947d5a047de583170ade) Importer(815301076,1909f56bfc062723c751e8b465ee728b)  -> (artifact id: '6169b69b32dfd3911af0066034b8b1f6') in 0.296261 seconds 
========================================================================
Received Import Request.
  Time since last request: 0.001341 seconds.
  path: Assets/CasualGameSounds/DM-CGS-06.wav
  artifactKey: Guid(a235d590ef2a04d1b85b61ef4c21337c) Importer(815301076,1909f56bfc062723c751e8b465ee728b)
Start importing Assets/CasualGameSounds/DM-CGS-06.wav using Guid(a235d590ef2a04d1b85b61ef4c21337c) Importer(815301076,1909f56bfc062723c751e8b465ee728b)  -> (artifact id: 'aee364446b02b0bbbdada67540428854') in 0.224964 seconds 
========================================================================
Received Import Request.
  Time since last request: 0.001274 seconds.
  path: Assets/1.1 - FREE CASUAL PACK SFX/POPs AND JINGLES
  artifactKey: Guid(04e68aed2264a90458944839575a9e85) Importer(815301076,1909f56bfc062723c751e8b465ee728b)
Start importing Assets/1.1 - FREE CASUAL PACK SFX/POPs AND JINGLES using Guid(04e68aed2264a90458944839575a9e85) Importer(815301076,1909f56bfc062723c751e8b465ee728b)  -> (artifact id: '83f18a879fe9094b7f381935a9961d67') in 0.051036 seconds 
========================================================================
Received Import Request.
  Time since last request: 0.003206 seconds.
  path: Assets/CasualGameSounds/DM-CGS-27.wav
  artifactKey: Guid(5039414d94a6e4e70a5ab9e8833e992a) Importer(815301076,1909f56bfc062723c751e8b465ee728b)
Start importing Assets/CasualGameSounds/DM-CGS-27.wav using Guid(5039414d94a6e4e70a5ab9e8833e992a) Importer(815301076,1909f56bfc062723c751e8b465ee728b)  -> (artifact id: '81c0f65d85f55fc40cf390f330bea50d') in 0.226721 seconds 
========================================================================
Received Import Request.
  Time since last request: 0.002067 seconds.
  path: Assets/CasualGameSounds/DM-CGS-50.wav
  artifactKey: Guid(79e6baad2fd414b82a6d49ce1568d2e5) Importer(815301076,1909f56bfc062723c751e8b465ee728b)
Start importing Assets/CasualGameSounds/DM-CGS-50.wav using Guid(79e6baad2fd414b82a6d49ce1568d2e5) Importer(815301076,1909f56bfc062723c751e8b465ee728b)  -> (artifact id: '0c492ec4cecd2cd396c71daab07bfa3f') in 0.318724 seconds 
========================================================================
Received Import Request.
  Time since last request: 0.001400 seconds.
  path: Assets/CasualGameSounds/DM-CGS-22.wav
  artifactKey: Guid(d8d04c6f80a1140db85ede568dab1f51) Importer(815301076,1909f56bfc062723c751e8b465ee728b)
Start importing Assets/CasualGameSounds/DM-CGS-22.wav using Guid(d8d04c6f80a1140db85ede568dab1f51) Importer(815301076,1909f56bfc062723c751e8b465ee728b)  -> (artifact id: '1d90846f74ef1e064fe71921aaa3df93') in 0.119145 seconds 
========================================================================
Received Import Request.
  Time since last request: 0.001573 seconds.
  path: Assets/1.1 - FREE CASUAL PACK SFX/POWERUP/POWERUP 1.wav
  artifactKey: Guid(8b1ff2e41e9deaf49bcf2292afff13a2) Importer(815301076,1909f56bfc062723c751e8b465ee728b)
Start importing Assets/1.1 - FREE CASUAL PACK SFX/POWERUP/POWERUP 1.wav using Guid(8b1ff2e41e9deaf49bcf2292afff13a2) Importer(815301076,1909f56bfc062723c751e8b465ee728b)  -> (artifact id: '030f7f45f95a22c2a97962c6cbff1f79') in 0.297440 seconds 
========================================================================
Received Import Request.
  Time since last request: 0.002425 seconds.
  path: Assets/1.1 - FREE CASUAL PACK SFX/POPs AND JINGLES/POP NEGATIVE 1.wav
  artifactKey: Guid(65943d5d811f80a468ba830d188eb6df) Importer(815301076,1909f56bfc062723c751e8b465ee728b)
Start importing Assets/1.1 - FREE CASUAL PACK SFX/POPs AND JINGLES/POP NEGATIVE 1.wav using Guid(65943d5d811f80a468ba830d188eb6df) Importer(815301076,1909f56bfc062723c751e8b465ee728b)  -> (artifact id: 'de8b9c98f1e4029f7970917209ba1461') in 0.175197 seconds 
========================================================================
Received Import Request.
  Time since last request: 0.001646 seconds.
  path: Assets/CasualGameSounds/DM-CGS-39.wav
  artifactKey: Guid(3becec1909f194046945d85ac1077772) Importer(815301076,1909f56bfc062723c751e8b465ee728b)
Start importing Assets/CasualGameSounds/DM-CGS-39.wav using Guid(3becec1909f194046945d85ac1077772) Importer(815301076,1909f56bfc062723c751e8b465ee728b)  -> (artifact id: 'a9a0a0dc964a9bc2b36db71aa8ab409d') in 0.385892 seconds 
========================================================================
Received Import Request.
  Time since last request: 0.001688 seconds.
  path: Assets/CasualGameSounds/DM-CGS-12.wav
  artifactKey: Guid(7478151cf36724a7dada558f746c3633) Importer(815301076,1909f56bfc062723c751e8b465ee728b)
Start importing Assets/CasualGameSounds/DM-CGS-12.wav using Guid(7478151cf36724a7dada558f746c3633) Importer(815301076,1909f56bfc062723c751e8b465ee728b)  -> (artifact id: '389dd9037884d1adba73dd63b6078d66') in 0.254503 seconds 
========================================================================
Received Import Request.
  Time since last request: 0.001627 seconds.
  path: Assets/1.1 - FREE CASUAL PACK SFX/POPs AND JINGLES/POP 3.wav
  artifactKey: Guid(547472b07cea53644a3973cea637b188) Importer(815301076,1909f56bfc062723c751e8b465ee728b)
Start importing Assets/1.1 - FREE CASUAL PACK SFX/POPs AND JINGLES/POP 3.wav using Guid(547472b07cea53644a3973cea637b188) Importer(815301076,1909f56bfc062723c751e8b465ee728b)  -> (artifact id: '3f6d37c788027bfbd6a8debdcb58f740') in 0.165133 seconds 
========================================================================
Received Import Request.
  Time since last request: 0.002294 seconds.
  path: Assets/CasualGameSounds/DM-CGS-20.wav
  artifactKey: Guid(6e8772b49f34d402a90016ed445d8a2f) Importer(815301076,1909f56bfc062723c751e8b465ee728b)
Start importing Assets/CasualGameSounds/DM-CGS-20.wav using Guid(6e8772b49f34d402a90016ed445d8a2f) Importer(815301076,1909f56bfc062723c751e8b465ee728b)  -> (artifact id: 'e1960fd25df55dc357724fd48acf3170') in 0.257273 seconds 
========================================================================
Received Import Request.
  Time since last request: 0.001319 seconds.
  path: Assets/CasualGameSounds/DM-CGS-11.wav
  artifactKey: Guid(a0010a1a0c474473b81729eb770c485f) Importer(815301076,1909f56bfc062723c751e8b465ee728b)
Start importing Assets/CasualGameSounds/DM-CGS-11.wav using Guid(a0010a1a0c474473b81729eb770c485f) Importer(815301076,1909f56bfc062723c751e8b465ee728b)  -> (artifact id: '9ebfbd8582ad27a3110e7291044cc296') in 0.113965 seconds 
========================================================================
Received Import Request.
  Time since last request: 0.001370 seconds.
  path: Assets/CasualGameSounds/DM-CGS-42.wav
  artifactKey: Guid(38a17a92b9d9748c6a1e67972041b833) Importer(815301076,1909f56bfc062723c751e8b465ee728b)
Start importing Assets/CasualGameSounds/DM-CGS-42.wav using Guid(38a17a92b9d9748c6a1e67972041b833) Importer(815301076,1909f56bfc062723c751e8b465ee728b)  -> (artifact id: '27d6b4f3fce1aac76b4e9e4f342c80c9') in 0.261572 seconds 
========================================================================
Received Import Request.
  Time since last request: 0.012377 seconds.
  path: Assets/CasualGameSounds/DM-CGS-45.wav
  artifactKey: Guid(52320e590bf774734a288886eba557ba) Importer(815301076,1909f56bfc062723c751e8b465ee728b)
Start importing Assets/CasualGameSounds/DM-CGS-45.wav using Guid(52320e590bf774734a288886eba557ba) Importer(815301076,1909f56bfc062723c751e8b465ee728b)  -> (artifact id: 'cba69571d6f6484e60ce00773037a39c') in 0.142068 seconds 
========================================================================
Received Import Request.
  Time since last request: 0.001648 seconds.
  path: Assets/1.1 - FREE CASUAL PACK SFX/10 - BONUS
  artifactKey: Guid(9b5dca4b9b9435b468d27e1d658c8b7c) Importer(815301076,1909f56bfc062723c751e8b465ee728b)
Start importing Assets/1.1 - FREE CASUAL PACK SFX/10 - BONUS using Guid(9b5dca4b9b9435b468d27e1d658c8b7c) Importer(815301076,1909f56bfc062723c751e8b465ee728b)  -> (artifact id: '9c53e8078d4dfe013a67370eebcf8bae') in 0.090937 seconds 
========================================================================
Received Import Request.
  Time since last request: 0.001382 seconds.
  path: Assets/1.1 - FREE CASUAL PACK SFX/POPs AND JINGLES/POP NEGATIVE 2.wav
  artifactKey: Guid(b79fe328e9c0e8f459c19bda4934a7c4) Importer(815301076,1909f56bfc062723c751e8b465ee728b)
Start importing Assets/1.1 - FREE CASUAL PACK SFX/POPs AND JINGLES/POP NEGATIVE 2.wav using Guid(b79fe328e9c0e8f459c19bda4934a7c4) Importer(815301076,1909f56bfc062723c751e8b465ee728b)  -> (artifact id: '7da3bbcdf8c5339006d50b663b35d85c') in 0.133085 seconds 
========================================================================
Received Import Request.
  Time since last request: 0.001398 seconds.
  path: Assets/CasualGameSounds/DM-CGS-32.wav
  artifactKey: Guid(29bde6326b4c34ad8a12da475f79b50a) Importer(815301076,1909f56bfc062723c751e8b465ee728b)
Start importing Assets/CasualGameSounds/DM-CGS-32.wav using Guid(29bde6326b4c34ad8a12da475f79b50a) Importer(815301076,1909f56bfc062723c751e8b465ee728b)  -> (artifact id: 'acf15abf1f2c4b2c74e4e8f670227872') in 0.150643 seconds 
========================================================================
Received Import Request.
  Time since last request: 0.001539 seconds.
  path: Assets/CasualGameSounds/DM-CGS-26.wav
  artifactKey: Guid(7bd6b897eb5ca4b7d88a205c4a51640c) Importer(815301076,1909f56bfc062723c751e8b465ee728b)
Start importing Assets/CasualGameSounds/DM-CGS-26.wav using Guid(7bd6b897eb5ca4b7d88a205c4a51640c) Importer(815301076,1909f56bfc062723c751e8b465ee728b)  -> (artifact id: '399e8ea3a3be01b991fccdc7981c5100') in 0.143520 seconds 
========================================================================
Received Import Request.
  Time since last request: 0.001506 seconds.
  path: Assets/1.1 - FREE CASUAL PACK SFX/POPs AND JINGLES/POP POSITIVE 1.wav
  artifactKey: Guid(489b52e5dcbb45e49934ee84c17b159b) Importer(815301076,1909f56bfc062723c751e8b465ee728b)
Start importing Assets/1.1 - FREE CASUAL PACK SFX/POPs AND JINGLES/POP POSITIVE 1.wav using Guid(489b52e5dcbb45e49934ee84c17b159b) Importer(815301076,1909f56bfc062723c751e8b465ee728b)  -> (artifact id: 'aeaf7d7fc6b5439d412a9ce92d48f0fd') in 0.131797 seconds 
========================================================================
Received Import Request.
  Time since last request: 0.001417 seconds.
  path: Assets/CasualGameSounds/DM-CGS-29.wav
  artifactKey: Guid(80e397195ea2940b69ee7bdbded856a5) Importer(815301076,1909f56bfc062723c751e8b465ee728b)
Start importing Assets/CasualGameSounds/DM-CGS-29.wav using Guid(80e397195ea2940b69ee7bdbded856a5) Importer(815301076,1909f56bfc062723c751e8b465ee728b)  -> (artifact id: 'cabdd2eecc9bd1b3abb2fec95c71dbfc') in 0.169719 seconds 
========================================================================
Received Import Request.
  Time since last request: 0.001353 seconds.
  path: Assets/CasualGameSounds/DM-CGS-46.wav
  artifactKey: Guid(fe0b1f9aeb45b41b089175aeeabd5d95) Importer(815301076,1909f56bfc062723c751e8b465ee728b)
Start importing Assets/CasualGameSounds/DM-CGS-46.wav using Guid(fe0b1f9aeb45b41b089175aeeabd5d95) Importer(815301076,1909f56bfc062723c751e8b465ee728b)  -> (artifact id: 'a99f50486af2996b943a27796f92bf83') in 0.198177 seconds 
========================================================================
Received Import Request.
  Time since last request: 0.001349 seconds.
  path: Assets/CasualGameSounds/DM-CGS-35.wav
  artifactKey: Guid(89e6bc608da7b47d4914f3d9c2484e48) Importer(815301076,1909f56bfc062723c751e8b465ee728b)
Start importing Assets/CasualGameSounds/DM-CGS-35.wav using Guid(89e6bc608da7b47d4914f3d9c2484e48) Importer(815301076,1909f56bfc062723c751e8b465ee728b)  -> (artifact id: 'ff1637bc5538fbd151e32acdf4819976') in 0.128800 seconds 
========================================================================
Received Import Request.
  Time since last request: 0.001586 seconds.
  path: Assets/CasualGameSounds/DM-CGS-08.wav
  artifactKey: Guid(4e1ff8faed12a475eba9be0e46072269) Importer(815301076,1909f56bfc062723c751e8b465ee728b)
Start importing Assets/CasualGameSounds/DM-CGS-08.wav using Guid(4e1ff8faed12a475eba9be0e46072269) Importer(815301076,1909f56bfc062723c751e8b465ee728b)  -> (artifact id: '21d585b33e528c3dfc566e179975001d') in 0.157460 seconds 
========================================================================
Received Import Request.
  Time since last request: 0.001244 seconds.
  path: Assets/CasualGameSounds/DM-CGS-36.wav
  artifactKey: Guid(df729d213c4be44a9b55cd109f5cd4f9) Importer(815301076,1909f56bfc062723c751e8b465ee728b)
Start importing Assets/CasualGameSounds/DM-CGS-36.wav using Guid(df729d213c4be44a9b55cd109f5cd4f9) Importer(815301076,1909f56bfc062723c751e8b465ee728b)  -> (artifact id: '70694a782773f86163c34e4a4eb9e8aa') in 0.200013 seconds 
========================================================================
Received Import Request.
  Time since last request: 0.001901 seconds.
  path: Assets/1.1 - FREE CASUAL PACK SFX/POWERUP
  artifactKey: Guid(7d5c70ccc6d3eb14c830581e29b0f83f) Importer(815301076,1909f56bfc062723c751e8b465ee728b)
Start importing Assets/1.1 - FREE CASUAL PACK SFX/POWERUP using Guid(7d5c70ccc6d3eb14c830581e29b0f83f) Importer(815301076,1909f56bfc062723c751e8b465ee728b)  -> (artifact id: 'afc3b6337c16271397e7a880dd671d15') in 0.095169 seconds 
========================================================================
Received Import Request.
  Time since last request: 0.001368 seconds.
  path: Assets/1.1 - FREE CASUAL PACK SFX/OTHERS
  artifactKey: Guid(7999517cd333ce2498e86c2a857ece49) Importer(815301076,1909f56bfc062723c751e8b465ee728b)
Start importing Assets/1.1 - FREE CASUAL PACK SFX/OTHERS using Guid(7999517cd333ce2498e86c2a857ece49) Importer(815301076,1909f56bfc062723c751e8b465ee728b)  -> (artifact id: 'efdf6a79293306776f18773973a866eb') in 0.076792 seconds 
========================================================================
Received Import Request.
  Time since last request: 0.001522 seconds.
  path: Assets/CasualGameSounds/DM-CGS-09.wav
  artifactKey: Guid(ff5f85da24bc943d1abdc5760a22bc81) Importer(815301076,1909f56bfc062723c751e8b465ee728b)
Start importing Assets/CasualGameSounds/DM-CGS-09.wav using Guid(ff5f85da24bc943d1abdc5760a22bc81) Importer(815301076,1909f56bfc062723c751e8b465ee728b)  -> (artifact id: 'b0d1ac54ece6e3723fc01be419e408ac') in 0.139492 seconds 
========================================================================
Received Import Request.
  Time since last request: 0.002097 seconds.
  path: Assets/CasualGameSounds/DM-CGS-33.wav
  artifactKey: Guid(35fbad8cdde724f11ba6481f1e64af71) Importer(815301076,1909f56bfc062723c751e8b465ee728b)
Start importing Assets/CasualGameSounds/DM-CGS-33.wav using Guid(35fbad8cdde724f11ba6481f1e64af71) Importer(815301076,1909f56bfc062723c751e8b465ee728b)  -> (artifact id: 'e081e05a8bf6edf786cc4f02fd0385f4') in 0.137258 seconds 
========================================================================
Received Import Request.
  Time since last request: 0.001324 seconds.
  path: Assets/CasualGameSounds/DM-CGS-13.wav
  artifactKey: Guid(72127805eb2bc4e7fbf2e02eca266cfa) Importer(815301076,1909f56bfc062723c751e8b465ee728b)
Start importing Assets/CasualGameSounds/DM-CGS-13.wav using Guid(72127805eb2bc4e7fbf2e02eca266cfa) Importer(815301076,1909f56bfc062723c751e8b465ee728b)  -> (artifact id: '282349648164934e8b7954c02768c849') in 0.074893 seconds 
========================================================================
Received Import Request.
  Time since last request: 0.001417 seconds.
  path: Assets/CasualGameSounds/DM-CGS-43.wav
  artifactKey: Guid(4b4dd7245f6104c8c8eb07ccf6b386ed) Importer(815301076,1909f56bfc062723c751e8b465ee728b)
Start importing Assets/CasualGameSounds/DM-CGS-43.wav using Guid(4b4dd7245f6104c8c8eb07ccf6b386ed) Importer(815301076,1909f56bfc062723c751e8b465ee728b)  -> (artifact id: '9e8b9e18f2831ed13f52587b8e0803e0') in 0.132567 seconds 
========================================================================
Received Import Request.
  Time since last request: 0.001333 seconds.
  path: Assets/1.1 - FREE CASUAL PACK SFX/POPs AND JINGLES/POP 2.wav
  artifactKey: Guid(1e304b48b159cb6418ba5206fc97a77c) Importer(815301076,1909f56bfc062723c751e8b465ee728b)
Start importing Assets/1.1 - FREE CASUAL PACK SFX/POPs AND JINGLES/POP 2.wav using Guid(1e304b48b159cb6418ba5206fc97a77c) Importer(815301076,1909f56bfc062723c751e8b465ee728b)  -> (artifact id: '7976f45855f691ececbbdf18399be053') in 0.138863 seconds 
========================================================================
Received Import Request.
  Time since last request: 0.001307 seconds.
  path: Assets/1.1 - FREE CASUAL PACK SFX/POWERUP/POWERUP 2.wav
  artifactKey: Guid(d70f777959e5861449adc0031229402e) Importer(815301076,1909f56bfc062723c751e8b465ee728b)
Start importing Assets/1.1 - FREE CASUAL PACK SFX/POWERUP/POWERUP 2.wav using Guid(d70f777959e5861449adc0031229402e) Importer(815301076,1909f56bfc062723c751e8b465ee728b)  -> (artifact id: '4e725bec3bd376314ad381457d60d349') in 0.133728 seconds 
========================================================================
Received Import Request.
  Time since last request: 0.001514 seconds.
  path: Assets/CasualGameSounds/DM-CGS-21.wav
  artifactKey: Guid(ffb159a21c8a04135a5616979c828fab) Importer(815301076,1909f56bfc062723c751e8b465ee728b)
Start importing Assets/CasualGameSounds/DM-CGS-21.wav using Guid(ffb159a21c8a04135a5616979c828fab) Importer(815301076,1909f56bfc062723c751e8b465ee728b)  -> (artifact id: 'a33fa3c787947ad19b2dfbc2722afabf') in 0.192493 seconds 
========================================================================
Received Import Request.
  Time since last request: 0.001740 seconds.
  path: Assets/CasualGameSounds/DM-CGS-28.wav
  artifactKey: Guid(79180f511d89441b9aa23ccae1992fe0) Importer(815301076,1909f56bfc062723c751e8b465ee728b)
Start importing Assets/CasualGameSounds/DM-CGS-28.wav using Guid(79180f511d89441b9aa23ccae1992fe0) Importer(815301076,1909f56bfc062723c751e8b465ee728b)  -> (artifact id: 'b3dc2e49ad3626b6d6450c62bb40d0bc') in 0.150658 seconds 
========================================================================
Received Import Request.
  Time since last request: 0.001280 seconds.
  path: Assets/CasualGameSounds/DM-CGS-34.wav
  artifactKey: Guid(881e3f52c86c94f26a60718d35627cd8) Importer(815301076,1909f56bfc062723c751e8b465ee728b)
Start importing Assets/CasualGameSounds/DM-CGS-34.wav using Guid(881e3f52c86c94f26a60718d35627cd8) Importer(815301076,1909f56bfc062723c751e8b465ee728b)  -> (artifact id: 'd0555d4648de4051b64dd245c730982e') in 0.149683 seconds 
========================================================================
Received Import Request.
  Time since last request: 0.001278 seconds.
  path: Assets/CasualGameSounds/DM-CGS-02.wav
  artifactKey: Guid(dc6614beca09347ec9b258f12d154bdd) Importer(815301076,1909f56bfc062723c751e8b465ee728b)
Start importing Assets/CasualGameSounds/DM-CGS-02.wav using Guid(dc6614beca09347ec9b258f12d154bdd) Importer(815301076,1909f56bfc062723c751e8b465ee728b)  -> (artifact id: '4184dbc0712f00a67d5ad549f1807274') in 0.136879 seconds 
========================================================================
Received Import Request.
  Time since last request: 0.001367 seconds.
  path: Assets/1.1 - FREE CASUAL PACK SFX/CAMERA CLICKS
  artifactKey: Guid(003fad9ceeb31b44c9618baec1eed419) Importer(815301076,1909f56bfc062723c751e8b465ee728b)
Start importing Assets/1.1 - FREE CASUAL PACK SFX/CAMERA CLICKS using Guid(003fad9ceeb31b44c9618baec1eed419) Importer(815301076,1909f56bfc062723c751e8b465ee728b)  -> (artifact id: 'b654abfed3bb04a7983e0060f8350ba9') in 0.065625 seconds 
========================================================================
Received Import Request.
  Time since last request: 0.001344 seconds.
  path: Assets/CasualGameSounds/DM-CGS-44.wav
  artifactKey: Guid(b43d102aac6b145468dcaa94a5cccae1) Importer(815301076,1909f56bfc062723c751e8b465ee728b)
Start importing Assets/CasualGameSounds/DM-CGS-44.wav using Guid(b43d102aac6b145468dcaa94a5cccae1) Importer(815301076,1909f56bfc062723c751e8b465ee728b)  -> (artifact id: 'cc58448ed3c3f56fbf7aa2e41e93807e') in 0.170385 seconds 
========================================================================
Received Import Request.
  Time since last request: 2163.740268 seconds.
  path: Assets/1.1 - FREE CASUAL PACK SFX/WRITING
  artifactKey: Guid(d2c5c31a715e1064897fabd31d48cc1c) Importer(815301076,1909f56bfc062723c751e8b465ee728b)
Start importing Assets/1.1 - FREE CASUAL PACK SFX/WRITING using Guid(d2c5c31a715e1064897fabd31d48cc1c) Importer(815301076,1909f56bfc062723c751e8b465ee728b)  -> (artifact id: 'fa6f0770b9836747929516c5f8f35382') in 0.096698 seconds 
========================================================================
Received Import Request.
  Time since last request: 147.417930 seconds.
  path: Assets/CasualGameBGM05/BGM_01.wav
  artifactKey: Guid(475f4837af487ce4a9e68bb227455e4c) Importer(815301076,1909f56bfc062723c751e8b465ee728b)
Start importing Assets/CasualGameBGM05/BGM_01.wav using Guid(475f4837af487ce4a9e68bb227455e4c) Importer(815301076,1909f56bfc062723c751e8b465ee728b)  -> (artifact id: '68a8dc77d62752969ecd0914ae1fd820') in 0.255336 seconds 
========================================================================
Received Import Request.
  Time since last request: 0.001518 seconds.
  path: Assets/CasualGameBGM05/BGM_02.wav
  artifactKey: Guid(90eae78e8ce85a849b5b0ca11b2de641) Importer(815301076,1909f56bfc062723c751e8b465ee728b)
Start importing Assets/CasualGameBGM05/BGM_02.wav using Guid(90eae78e8ce85a849b5b0ca11b2de641) Importer(815301076,1909f56bfc062723c751e8b465ee728b)  -> (artifact id: 'dce27bc19f6ec439ba0c9197bb340680') in 0.182293 seconds 
========================================================================
Received Import Request.
  Time since last request: 0.001414 seconds.
  path: Assets/CasualGameBGM05/BGM_03.wav
  artifactKey: Guid(47f45ef7b5767674393cc401fc325705) Importer(815301076,1909f56bfc062723c751e8b465ee728b)
Start importing Assets/CasualGameBGM05/BGM_03.wav using Guid(47f45ef7b5767674393cc401fc325705) Importer(815301076,1909f56bfc062723c751e8b465ee728b)  -> (artifact id: '9e377c37a24136fc0cf22ee430ab693c') in 0.187440 seconds 
========================================================================
Received Import Request.
  Time since last request: 0.001226 seconds.
  path: Assets/CasualGameBGM05/BGM_04.wav
  artifactKey: Guid(1532c7e67c2d60c4c8780da14b7e8fcf) Importer(815301076,1909f56bfc062723c751e8b465ee728b)
Start importing Assets/CasualGameBGM05/BGM_04.wav using Guid(1532c7e67c2d60c4c8780da14b7e8fcf) Importer(815301076,1909f56bfc062723c751e8b465ee728b)  -> (artifact id: '5d1151f29fda3b74818199bc7a404832') in 0.160549 seconds 
========================================================================
Received Prepare
Registering precompiled user dll's ...
Registered in 0.037074 seconds.
Begin MonoManager ReloadAssembly
Native extension for WindowsStandalone target not found
Native extension for WebGL target not found
Refreshing native plugins compatible for Editor in 2.49 ms, found 2 plugins.
Preloading 0 native plugins for Editor in 0.00 ms.
Mono: successfully reloaded assembly
- Completed reload, in  9.518 seconds
Domain Reload Profiling:
	ReloadAssembly (9528ms)
		BeginReloadAssembly (1497ms)
			ExecutionOrderSort (0ms)
			DisableScriptedObjects (105ms)
			BackupInstance (0ms)
			ReleaseScriptingObjects (0ms)
			CreateAndSetChildDomain (506ms)
		EndReloadAssembly (7428ms)
			LoadAssemblies (1008ms)
			RebuildTransferFunctionScriptingTraits (0ms)
			SetupTypeCache (2652ms)
			ReleaseScriptCaches (4ms)
			RebuildScriptCaches (382ms)
			SetupLoadedEditorAssemblies (2609ms)
				LogAssemblyErrors (0ms)
				InitializePlatformSupportModulesInManaged (54ms)
				SetLoadedEditorAssemblies (5ms)
				RefreshPlugins (3ms)
				BeforeProcessingInitializeOnLoad (478ms)
				ProcessInitializeOnLoadAttributes (1882ms)
				ProcessInitializeOnLoadMethodAttributes (127ms)
				AfterProcessingInitializeOnLoad (58ms)
				EditorAssembliesLoaded (2ms)
			ExecutionOrderSort2 (0ms)
			AwakeInstancesAfterBackupRestoration (17ms)
Platform modules already initialized, skipping
Switching build target platform(19) subTarget(0) extendedPlatform(0) -> platform(13) subTarget(537395200) extendedPlatform(0)
Refreshing native plugins compatible for Editor in 2.50 ms, found 2 plugins.
Preloading 0 native plugins for Editor in 0.00 ms.
Unloading 1575 Unused Serialized files (Serialized files now loaded: 0)
System memory in use before: 76.8 MB.
System memory in use after: 76.9 MB.

Unloading 13 unused Assets to reduce memory usage. Loaded Objects now: 2039.
Total: 19.784800 ms (FindLiveObjects: 0.590100 ms CreateObjectMapping: 0.348400 ms MarkObjects: 18.686400 ms  DeleteObjects: 0.154000 ms)

AssetImportParameters requested are different than current active one (requested -> active):
  custom:framework-win-MediaFoundation: 216162199b28c13a410421893ffa2e32 -> 
  custom:video-decoder-ogg-theora: a1e56fd34408186e4bbccfd4996cb3dc -> 
  custom:container-muxer-webm: aa71ff27fc2769a1b78a27578f13a17b -> 
  custom:container-demuxer-webm: 4f35f7cbe854078d1ac9338744f61a02 -> 
  custom:container-demuxer-ogg: 62fdf1f143b41e24485cea50d1cbac27 -> 
  custom:video-encoder-webm-vp8: eb34c28f22e8b96e1ab97ce403110664 -> 
  custom:video-decoder-webm-vp8: 9c59270c3fd7afecdb556c50c9e8de78 -> 
  custom:graphics/normal-map-encoding: 01000000000000000000000000000000 -> 02000000000000000000000000000000
  custom:audio-decoder-ogg-vorbis: bf7c407c2cedff20999df2af8eb42d56 -> 
  custom:audio-encoder-webm-vorbis: bf7c407c2cedff20999df2af8eb42d56 -> 
AssetImportWorkerClient::OnTransportError - code=2 error=End of file
